09:13:28,741 DEBUG [com.infoshareacademy.jjdd1.teamerror.file_loader.CountryAndCurrency] (ServerService Thread Pool -- 7) Loading country and currency
09:13:28,742 DEBUG [com.infoshareacademy.jjdd1.teamerror.file_loader.CountryAndCurrency] (ServerService Thread Pool -- 15) Loading country and currency
09:13:28,752 DEBUG [com.infoshareacademy.jjdd1.teamerror.file_loader.CachedFilesContent] (ServerService Thread Pool -- 7) Creating path and loading file: iSA-PetrolPrices.csv
09:13:28,752 DEBUG [com.infoshareacademy.jjdd1.teamerror.file_loader.FileReader] (ServerService Thread Pool -- 7) Loading file, path: /tmp/files/iSA-PetrolPrices.csv
09:13:28,754 DEBUG [com.infoshareacademy.jjdd1.teamerror.file_loader.CachedFilesContent] (ServerService Thread Pool -- 15) Creating path and loading file: iSA-PetrolPrices.csv
09:13:28,755 DEBUG [com.infoshareacademy.jjdd1.teamerror.file_loader.FileReader] (ServerService Thread Pool -- 15) Loading file, path: /tmp/files/iSA-PetrolPrices.csv
09:13:28,759 DEBUG [com.infoshareacademy.jjdd1.teamerror.file_loader.CachedFilesContent] (ServerService Thread Pool -- 15) Creating path and loading file: omeganbp.lst.txt
09:13:28,758 DEBUG [com.infoshareacademy.jjdd1.teamerror.file_loader.CachedFilesContent] (ServerService Thread Pool -- 7) Creating path and loading file: omeganbp.lst.txt
09:13:28,759 DEBUG [com.infoshareacademy.jjdd1.teamerror.file_loader.FileReader] (ServerService Thread Pool -- 15) Loading file, path: /tmp/files/omeganbp.lst.txt
09:13:28,759 DEBUG [com.infoshareacademy.jjdd1.teamerror.file_loader.FileReader] (ServerService Thread Pool -- 7) Loading file, path: /tmp/files/omeganbp.lst.txt
09:13:28,761 DEBUG [com.infoshareacademy.jjdd1.teamerror.file_loader.CountryAndCurrency] (ServerService Thread Pool -- 15) Filtering countries to show only available ones
09:13:28,761 DEBUG [com.infoshareacademy.jjdd1.teamerror.file_loader.CountryAndCurrency] (ServerService Thread Pool -- 7) Filtering countries to show only available ones
09:13:28,851 INFO  [stdout] (ServerService Thread Pool -- 7) Hibernate: 
09:13:28,851 INFO  [stdout] (ServerService Thread Pool -- 7)     select
09:13:28,851 INFO  [stdout] (ServerService Thread Pool -- 7)         next_val as id_val 
09:13:28,851 INFO  [stdout] (ServerService Thread Pool -- 7)     from
09:13:28,851 INFO  [stdout] (ServerService Thread Pool -- 7)         hibernate_sequence for update
09:13:28,852 INFO  [stdout] (ServerService Thread Pool -- 7)             
09:13:28,860 INFO  [stdout] (ServerService Thread Pool -- 15) Hibernate: 
09:13:28,862 INFO  [stdout] (ServerService Thread Pool -- 15)     select
09:13:28,862 INFO  [stdout] (ServerService Thread Pool -- 15)         next_val as id_val 
09:13:28,863 INFO  [stdout] (ServerService Thread Pool -- 15)     from
09:13:28,863 INFO  [stdout] (ServerService Thread Pool -- 15)         hibernate_sequence for update
09:13:28,863 INFO  [stdout] (ServerService Thread Pool -- 15)             
09:13:28,863 INFO  [stdout] (ServerService Thread Pool -- 27) Hibernate: 
09:13:28,863 INFO  [stdout] (ServerService Thread Pool -- 27)     select
09:13:28,864 INFO  [stdout] (ServerService Thread Pool -- 27)         next_val as id_val 
09:13:28,865 INFO  [stdout] (ServerService Thread Pool -- 27)     from
09:13:28,866 INFO  [stdout] (ServerService Thread Pool -- 27)         hibernate_sequence for update
09:13:28,866 INFO  [stdout] (ServerService Thread Pool -- 27)             
09:13:28,867 INFO  [stdout] (ServerService Thread Pool -- 38) Hibernate: 
09:13:28,871 INFO  [stdout] (ServerService Thread Pool -- 38)     select
09:13:28,871 INFO  [stdout] (ServerService Thread Pool -- 38)         next_val as id_val 
09:13:28,871 INFO  [stdout] (ServerService Thread Pool -- 38)     from
09:13:28,871 INFO  [stdout] (ServerService Thread Pool -- 38)         hibernate_sequence for update
09:13:28,871 INFO  [stdout] (ServerService Thread Pool -- 38)             
09:13:28,871 INFO  [stdout] (ServerService Thread Pool -- 7) Hibernate: 
09:13:28,872 INFO  [stdout] (ServerService Thread Pool -- 7)     update
09:13:28,872 INFO  [stdout] (ServerService Thread Pool -- 7)         hibernate_sequence 
09:13:28,872 INFO  [stdout] (ServerService Thread Pool -- 7)     set
09:13:28,872 INFO  [stdout] (ServerService Thread Pool -- 7)         next_val= ? 
09:13:28,872 INFO  [stdout] (ServerService Thread Pool -- 7)     where
09:13:28,872 INFO  [stdout] (ServerService Thread Pool -- 7)         next_val=?
09:13:28,876 INFO  [stdout] (ServerService Thread Pool -- 38) Hibernate: 
09:13:28,876 INFO  [stdout] (ServerService Thread Pool -- 38)     update
09:13:28,876 INFO  [stdout] (ServerService Thread Pool -- 38)         hibernate_sequence 
09:13:28,876 INFO  [stdout] (ServerService Thread Pool -- 38)     set
09:13:28,876 INFO  [stdout] (ServerService Thread Pool -- 38)         next_val= ? 
09:13:28,876 INFO  [stdout] (ServerService Thread Pool -- 38)     where
09:13:28,876 INFO  [stdout] (ServerService Thread Pool -- 38)         next_val=?
09:13:28,877 INFO  [stdout] (ServerService Thread Pool -- 15) Hibernate: 
09:13:28,877 INFO  [stdout] (ServerService Thread Pool -- 15)     update
09:13:28,877 INFO  [stdout] (ServerService Thread Pool -- 15)         hibernate_sequence 
09:13:28,878 INFO  [stdout] (ServerService Thread Pool -- 15)     set
09:13:28,878 INFO  [stdout] (ServerService Thread Pool -- 15)         next_val= ? 
09:13:28,878 INFO  [stdout] (ServerService Thread Pool -- 15)     where
09:13:28,878 INFO  [stdout] (ServerService Thread Pool -- 15)         next_val=?
09:13:28,879 INFO  [stdout] (ServerService Thread Pool -- 27) Hibernate: 
09:13:28,879 INFO  [stdout] (ServerService Thread Pool -- 27)     update
09:13:28,880 INFO  [stdout] (ServerService Thread Pool -- 27)         hibernate_sequence 
09:13:28,880 INFO  [stdout] (ServerService Thread Pool -- 27)     set
09:13:28,880 INFO  [stdout] (ServerService Thread Pool -- 27)         next_val= ? 
09:13:28,880 INFO  [stdout] (ServerService Thread Pool -- 27)     where
09:13:28,880 INFO  [stdout] (ServerService Thread Pool -- 27)         next_val=?
09:13:28,889 INFO  [stdout] (ServerService Thread Pool -- 7) Hibernate: 
09:13:28,889 INFO  [stdout] (ServerService Thread Pool -- 7)     select
09:13:28,890 INFO  [stdout] (ServerService Thread Pool -- 7)         next_val as id_val 
09:13:28,891 INFO  [stdout] (ServerService Thread Pool -- 7)     from
09:13:28,891 INFO  [stdout] (ServerService Thread Pool -- 7)         hibernate_sequence for update
09:13:28,891 INFO  [stdout] (ServerService Thread Pool -- 7)             
09:13:28,891 INFO  [stdout] (ServerService Thread Pool -- 15) Hibernate: 
09:13:28,891 INFO  [stdout] (ServerService Thread Pool -- 15)     select
09:13:28,891 INFO  [stdout] (ServerService Thread Pool -- 15)         next_val as id_val 
09:13:28,891 INFO  [stdout] (ServerService Thread Pool -- 15)     from
09:13:28,891 INFO  [stdout] (ServerService Thread Pool -- 15)         hibernate_sequence for update
09:13:28,891 INFO  [stdout] (ServerService Thread Pool -- 15)             
09:13:28,892 INFO  [stdout] (ServerService Thread Pool -- 38) Hibernate: 
09:13:28,892 INFO  [stdout] (ServerService Thread Pool -- 38)     select
09:13:28,892 INFO  [stdout] (ServerService Thread Pool -- 38)         next_val as id_val 
09:13:28,892 INFO  [stdout] (ServerService Thread Pool -- 38)     from
09:13:28,892 INFO  [stdout] (ServerService Thread Pool -- 38)         hibernate_sequence for update
09:13:28,892 INFO  [stdout] (ServerService Thread Pool -- 38)             
09:13:28,892 INFO  [stdout] (ServerService Thread Pool -- 27) Hibernate: 
09:13:28,893 INFO  [stdout] (ServerService Thread Pool -- 27)     select
09:13:28,893 INFO  [stdout] (ServerService Thread Pool -- 27)         next_val as id_val 
09:13:28,893 INFO  [stdout] (ServerService Thread Pool -- 27)     from
09:13:28,893 INFO  [stdout] (ServerService Thread Pool -- 27)         hibernate_sequence for update
09:13:28,893 INFO  [stdout] (ServerService Thread Pool -- 27)             
09:13:28,896 INFO  [stdout] (ServerService Thread Pool -- 7) Hibernate: 
09:13:28,896 INFO  [stdout] (ServerService Thread Pool -- 7)     update
09:13:28,896 INFO  [stdout] (ServerService Thread Pool -- 7)         hibernate_sequence 
09:13:28,896 INFO  [stdout] (ServerService Thread Pool -- 7)     set
09:13:28,896 INFO  [stdout] (ServerService Thread Pool -- 7)         next_val= ? 
09:13:28,896 INFO  [stdout] (ServerService Thread Pool -- 7)     where
09:13:28,896 INFO  [stdout] (ServerService Thread Pool -- 7)         next_val=?
09:13:28,900 INFO  [stdout] (ServerService Thread Pool -- 27) Hibernate: 
09:13:28,900 INFO  [stdout] (ServerService Thread Pool -- 27)     update
09:13:28,900 INFO  [stdout] (ServerService Thread Pool -- 27)         hibernate_sequence 
09:13:28,900 INFO  [stdout] (ServerService Thread Pool -- 27)     set
09:13:28,900 INFO  [stdout] (ServerService Thread Pool -- 27)         next_val= ? 
09:13:28,901 INFO  [stdout] (ServerService Thread Pool -- 27)     where
09:13:28,901 INFO  [stdout] (ServerService Thread Pool -- 27)         next_val=?
09:13:28,901 INFO  [stdout] (ServerService Thread Pool -- 7) Hibernate: 
09:13:28,901 INFO  [stdout] (ServerService Thread Pool -- 7)     select
09:13:28,901 INFO  [stdout] (ServerService Thread Pool -- 7)         next_val as id_val 
09:13:28,901 INFO  [stdout] (ServerService Thread Pool -- 7)     from
09:13:28,901 INFO  [stdout] (ServerService Thread Pool -- 7)         hibernate_sequence for update
09:13:28,901 INFO  [stdout] (ServerService Thread Pool -- 7)             
09:13:28,903 INFO  [stdout] (ServerService Thread Pool -- 7) Hibernate: 
09:13:28,903 INFO  [stdout] (ServerService Thread Pool -- 7)     update
09:13:28,903 INFO  [stdout] (ServerService Thread Pool -- 7)         hibernate_sequence 
09:13:28,903 INFO  [stdout] (ServerService Thread Pool -- 7)     set
09:13:28,904 INFO  [stdout] (ServerService Thread Pool -- 7)         next_val= ? 
09:13:28,904 INFO  [stdout] (ServerService Thread Pool -- 7)     where
09:13:28,904 INFO  [stdout] (ServerService Thread Pool -- 7)         next_val=?
09:13:28,906 INFO  [stdout] (ServerService Thread Pool -- 15) Hibernate: 
09:13:28,906 INFO  [stdout] (ServerService Thread Pool -- 15)     update
09:13:28,906 INFO  [stdout] (ServerService Thread Pool -- 15)         hibernate_sequence 
09:13:28,906 INFO  [stdout] (ServerService Thread Pool -- 15)     set
09:13:28,906 INFO  [stdout] (ServerService Thread Pool -- 15)         next_val= ? 
09:13:28,907 INFO  [stdout] (ServerService Thread Pool -- 15)     where
09:13:28,907 INFO  [stdout] (ServerService Thread Pool -- 15)         next_val=?
09:13:28,907 INFO  [stdout] (ServerService Thread Pool -- 38) Hibernate: 
09:13:28,908 INFO  [stdout] (ServerService Thread Pool -- 38)     update
09:13:28,908 INFO  [stdout] (ServerService Thread Pool -- 38)         hibernate_sequence 
09:13:28,908 INFO  [stdout] (ServerService Thread Pool -- 38)     set
09:13:28,908 INFO  [stdout] (ServerService Thread Pool -- 38)         next_val= ? 
09:13:28,908 INFO  [stdout] (ServerService Thread Pool -- 38)     where
09:13:28,908 INFO  [stdout] (ServerService Thread Pool -- 38)         next_val=?
09:13:28,908 INFO  [stdout] (ServerService Thread Pool -- 15) Hibernate: 
09:13:28,909 INFO  [stdout] (ServerService Thread Pool -- 15)     select
09:13:28,909 INFO  [stdout] (ServerService Thread Pool -- 15)         next_val as id_val 
09:13:28,909 INFO  [stdout] (ServerService Thread Pool -- 15)     from
09:13:28,909 INFO  [stdout] (ServerService Thread Pool -- 15)         hibernate_sequence for update
09:13:28,909 INFO  [stdout] (ServerService Thread Pool -- 15)             
09:13:28,910 INFO  [stdout] (ServerService Thread Pool -- 15) Hibernate: 
09:13:28,910 INFO  [stdout] (ServerService Thread Pool -- 15)     update
09:13:28,910 INFO  [stdout] (ServerService Thread Pool -- 15)         hibernate_sequence 
09:13:28,910 INFO  [stdout] (ServerService Thread Pool -- 15)     set
09:13:28,911 INFO  [stdout] (ServerService Thread Pool -- 15)         next_val= ? 
09:13:28,911 INFO  [stdout] (ServerService Thread Pool -- 15)     where
09:13:28,911 INFO  [stdout] (ServerService Thread Pool -- 15)         next_val=?
09:30:08,018 DEBUG [com.infoshareacademy.jjdd1.teamerror.logging.LoginServlet] (default task-16) User name: Team Error
09:30:08,018 DEBUG [com.infoshareacademy.jjdd1.teamerror.logging.LoginServlet] (default task-16) User email: teamerror.tripcalculator@gmail.com
09:30:09,528 DEBUG [com.infoshareacademy.jjdd1.teamerror.fileUpload.SourceFilesChecker] (default task-19) Checking existence of resource files path: /tmp/files/iSA-PetrolPrices.csv
09:30:09,528 DEBUG [com.infoshareacademy.jjdd1.teamerror.fileUpload.SourceFilesChecker] (default task-19) Checking existence of resource files path: /tmp/files/omeganbp.lst.txt
09:30:09,528 DEBUG [com.infoshareacademy.jjdd1.teamerror.fileUpload.SourceFilesChecker] (default task-19) Checking existence of resource files path: /tmp/files/omeganbp.zip
09:30:09,528 INFO  [com.infoshareacademy.jjdd1.teamerror.fileUpload.SourceFilesChecker] (default task-19) Source files found.
09:30:09,528 DEBUG [com.infoshareacademy.jjdd1.teamerror.WelcomeServlet] (default task-19) Reading data from database
09:30:09,615 INFO  [stdout] (default task-19) Hibernate: 
09:30:09,615 INFO  [stdout] (default task-19)     select
09:30:09,615 INFO  [stdout] (default task-19)         promotedco0_.name as col_0_0_ 
09:30:09,615 INFO  [stdout] (default task-19)     from
09:30:09,615 INFO  [stdout] (default task-19)         PromotedCountriesTable promotedco0_
09:30:09,619 DEBUG [com.infoshareacademy.jjdd1.teamerror.WelcomeServlet] (default task-19) List of promoted countries from database: [France, Croatia]
09:30:09,619 INFO  [com.infoshareacademy.jjdd1.teamerror.WelcomeServlet] (default task-19) Data from database successfully loaded
09:30:09,620 DEBUG [com.infoshareacademy.jjdd1.teamerror.file_loader.PromotedCountries] (default task-19) Preparing list of countries according to promoted countries
09:30:09,620 DEBUG [com.infoshareacademy.jjdd1.teamerror.file_loader.CountryAndCurrency] (default task-19) Loading country and currency
09:30:09,620 DEBUG [com.infoshareacademy.jjdd1.teamerror.file_loader.CachedFilesContent] (default task-19) Creating path and loading file: iSA-PetrolPrices.csv
09:30:09,620 DEBUG [com.infoshareacademy.jjdd1.teamerror.file_loader.FileReader] (default task-19) Loading file, path: /tmp/files/iSA-PetrolPrices.csv
09:30:09,620 DEBUG [com.infoshareacademy.jjdd1.teamerror.file_loader.CachedFilesContent] (default task-19) Creating path and loading file: omeganbp.lst.txt
09:30:09,620 DEBUG [com.infoshareacademy.jjdd1.teamerror.file_loader.FileReader] (default task-19) Loading file, path: /tmp/files/omeganbp.lst.txt
09:30:09,621 DEBUG [com.infoshareacademy.jjdd1.teamerror.file_loader.CountryAndCurrency] (default task-19) Filtering countries to show only available ones
09:30:09,622 DEBUG [com.infoshareacademy.jjdd1.teamerror.file_loader.PromotedCountries] (default task-19) Available countries: [USA, CROATIA, FRANCE]
09:30:09,622 DEBUG [com.infoshareacademy.jjdd1.teamerror.file_loader.PromotedCountries] (default task-19) List of countries prepared
09:30:27,044 DEBUG [com.infoshareacademy.jjdd1.teamerror.TrendsServlet] (default task-21) Servlet start
09:30:27,044 DEBUG [com.infoshareacademy.jjdd1.teamerror.AfterInitialDataServlet] (default task-21) Setting req paremeters to session
09:30:27,044 DEBUG [com.infoshareacademy.jjdd1.teamerror.fileUpload.SourceFilesChecker] (default task-21) Checking existence of resource files path: /tmp/files/iSA-PetrolPrices.csv
09:30:27,045 DEBUG [com.infoshareacademy.jjdd1.teamerror.fileUpload.SourceFilesChecker] (default task-21) Checking existence of resource files path: /tmp/files/omeganbp.lst.txt
09:30:27,045 DEBUG [com.infoshareacademy.jjdd1.teamerror.fileUpload.SourceFilesChecker] (default task-21) Checking existence of resource files path: /tmp/files/omeganbp.zip
09:30:27,045 INFO  [com.infoshareacademy.jjdd1.teamerror.fileUpload.SourceFilesChecker] (default task-21) Source files found.
09:30:27,046 INFO  [com.infoshareacademy.jjdd1.teamerror.AfterInitialDataServlet] (default task-21) Inisial data req params: country-FRANCE fuelType-2 fuelUsage-10 full distance-15 date1-2017/05/16 date2-2017/05/30, tripLength-null trendPeriodFrom-null, trendPeriodTill-null, startingDays-null
09:30:27,046 DEBUG [com.infoshareacademy.jjdd1.teamerror.fileUpload.SourceFilesChecker] (default task-21) Checking existence of resource files path: /tmp/files/iSA-PetrolPrices.csv
09:30:27,046 DEBUG [com.infoshareacademy.jjdd1.teamerror.fileUpload.SourceFilesChecker] (default task-21) Checking existence of resource files path: /tmp/files/omeganbp.lst.txt
09:30:27,046 DEBUG [com.infoshareacademy.jjdd1.teamerror.fileUpload.SourceFilesChecker] (default task-21) Checking existence of resource files path: /tmp/files/omeganbp.zip
09:30:27,046 INFO  [com.infoshareacademy.jjdd1.teamerror.fileUpload.SourceFilesChecker] (default task-21) Source files found.
09:30:27,046 DEBUG [com.infoshareacademy.jjdd1.teamerror.file_loader.CountryAndCurrency] (default task-21) Loading country and currency
09:30:27,047 DEBUG [com.infoshareacademy.jjdd1.teamerror.file_loader.CountryAndCurrency] (default task-21) Filtering countries to show only available ones
09:30:27,048 INFO  [com.infoshareacademy.jjdd1.teamerror.trendy_engine.Trendy] (default task-21) FRANCE and EUR chosen
09:30:27,048 INFO  [com.infoshareacademy.jjdd1.teamerror.trendy_engine.Trendy] (default task-21) [gasoline] chosen
09:30:27,051 INFO  [com.infoshareacademy.jjdd1.teamerror.TrendsServlet] (default task-21) Session params: country-FRANCE fuelType-gasoline, trendPeriodFrom-2017/05/16, trendPeriodTill-2017/07/15, startingDays-null
09:30:27,080 DEBUG [com.infoshareacademy.jjdd1.teamerror.trendy_engine.Trendy] (default task-21) Getting in getPeriodTrendy method, parameters - DateFrom: 2017-05-16 DateTill: 2017-07-15 TripLength: 7 startingDays: [Saturday]
09:30:27,080 DEBUG [com.infoshareacademy.jjdd1.teamerror.trendy_engine.Trendy] (default task-21) Setting trendy
09:30:27,080 DEBUG [com.infoshareacademy.jjdd1.teamerror.trendy_engine.Trendy] (default task-21) Loading currency contentent into class
09:30:27,099 DEBUG [com.infoshareacademy.jjdd1.teamerror.trendy_engine.Trendy] (default task-21) Parsing currency content
09:30:27,205 INFO  [com.infoshareacademy.jjdd1.teamerror.trendy_engine.Trendy] (default task-21) Currency content parsed
09:30:27,209 DEBUG [com.infoshareacademy.jjdd1.teamerror.trendy_engine.PercentageDeviations] (default task-21) Getting in getDayPercentageDeviations method
09:30:27,214 DEBUG [com.infoshareacademy.jjdd1.teamerror.trendy_engine.PercentageDeviations] (default task-21) Day values grouped by years
09:30:27,227 DEBUG [com.infoshareacademy.jjdd1.teamerror.trendy_engine.PercentageDeviations] (default task-21) Day values grouped by day of the year
09:30:27,244 DEBUG [com.infoshareacademy.jjdd1.teamerror.trendy_engine.PercentageDeviations] (default task-21) Getting out of getDayPercentageDeviations
09:30:27,244 DEBUG [com.infoshareacademy.jjdd1.teamerror.trendy_engine.PercentageDeviations] (default task-21) Getting in getMonthPercentageDeviations
09:30:27,247 DEBUG [com.infoshareacademy.jjdd1.teamerror.trendy_engine.PercentageDeviations] (default task-21) Month average currency rates for year 2014 calculated.
09:30:27,248 DEBUG [com.infoshareacademy.jjdd1.teamerror.trendy_engine.PercentageDeviations] (default task-21) Month average currency rates for year 2015 calculated.
09:30:27,248 DEBUG [com.infoshareacademy.jjdd1.teamerror.trendy_engine.PercentageDeviations] (default task-21) Month average currency rates for year 2016 calculated.
09:30:27,252 DEBUG [com.infoshareacademy.jjdd1.teamerror.trendy_engine.PercentageDeviations] (default task-21) Currency month ratio values for all years calculated
09:30:27,253 DEBUG [com.infoshareacademy.jjdd1.teamerror.trendy_engine.PercentageDeviations] (default task-21) Currency month average ratio values for all years calculated
09:30:27,254 DEBUG [com.infoshareacademy.jjdd1.teamerror.trendy_engine.PercentageDeviations] (default task-21) Getting in getMonthPercentageDeviations
09:30:27,257 DEBUG [com.infoshareacademy.jjdd1.teamerror.trendy_engine.Trendy] (default task-21) Trendy set
09:30:27,257 DEBUG [com.infoshareacademy.jjdd1.teamerror.trendy_engine.Trendy] (default task-21) Getting in determineAvgValues method
09:30:27,261 DEBUG [com.infoshareacademy.jjdd1.teamerror.trendy_engine.Trendy] (default task-21) Getting out of determineAvgValues method
09:30:27,264 DEBUG [com.infoshareacademy.jjdd1.teamerror.trendy_engine.Trendy] (default task-21) Petrol and currency results generated
09:30:27,273 DEBUG [com.infoshareacademy.jjdd1.teamerror.trendy_engine.Trendy] (default task-21) Trendy conclusion set
09:30:27,273 DEBUG [com.infoshareacademy.jjdd1.teamerror.trendy_engine.Trendy] (default task-21) Getting out of get PeriodTrendy method, results: {2017-05-20=[0.5, 0.05, 0.55], 2017-05-27=[0.87, 0.05, 0.92], 2017-06-03=[1.04, 1.09, 2.13], 2017-06-10=[0.0, 1.09, 1.09], 2017-06-17=[0.66, 1.09, 1.75], 2017-06-24=[1.27, 1.09, 2.36], 2017-07-01=[1.02, 0.0, 1.02]}
09:30:27,316 INFO  [com.infoshareacademy.jjdd1.teamerror.TrendsServlet] (default task-21) Map key set: [{"year":2017,"month":5,"day":20},{"year":2017,"month":5,"day":27},{"year":2017,"month":6,"day":3},{"year":2017,"month":6,"day":10},{"year":2017,"month":6,"day":17},{"year":2017,"month":6,"day":24},{"year":2017,"month":7,"day":1}] 
09:30:27,321 INFO  [com.infoshareacademy.jjdd1.teamerror.TrendsServlet] (default task-21) Values: [[0.5,0.05,0.55],[0.87,0.05,0.92],[1.04,1.09,2.13],[0.0,1.09,1.09],[0.66,1.09,1.75],[1.27,1.09,2.36],[1.02,0.0,1.02]]
09:30:27,341 INFO  [stdout] (default task-21) Hibernate: 
09:30:27,342 INFO  [stdout] (default task-21)     select
09:30:27,342 INFO  [stdout] (default task-21)         fueltypest0_.popularity as col_0_0_ 
09:30:27,342 INFO  [stdout] (default task-21)     from
09:30:27,342 INFO  [stdout] (default task-21)         FuelTypeStatistics fueltypest0_ 
09:30:27,342 INFO  [stdout] (default task-21)     where
09:30:27,342 INFO  [stdout] (default task-21)         fueltypest0_.fuelType=?
09:30:27,344 INFO  [com.infoshareacademy.jjdd1.teamerror.TrendsServlet] (default task-21) Popularity of diesel is 0
09:30:27,345 INFO  [stdout] (default task-21) Hibernate: 
09:30:27,345 INFO  [stdout] (default task-21)     select
09:30:27,345 INFO  [stdout] (default task-21)         fueltypest0_.popularity as col_0_0_ 
09:30:27,345 INFO  [stdout] (default task-21)     from
09:30:27,346 INFO  [stdout] (default task-21)         FuelTypeStatistics fueltypest0_ 
09:30:27,346 INFO  [stdout] (default task-21)     where
09:30:27,346 INFO  [stdout] (default task-21)         fueltypest0_.fuelType=?
09:30:27,347 INFO  [com.infoshareacademy.jjdd1.teamerror.TrendsServlet] (default task-21) Popularity of gasoline is 0
09:30:27,362 INFO  [stdout] (default task-21) Hibernate: 
09:30:27,362 INFO  [stdout] (default task-21)     update
09:30:27,362 INFO  [stdout] (default task-21)         FuelTypeStatistics 
09:30:27,362 INFO  [stdout] (default task-21)     set
09:30:27,362 INFO  [stdout] (default task-21)         popularity=popularity+1 
09:30:27,362 INFO  [stdout] (default task-21)     where
09:30:27,362 INFO  [stdout] (default task-21)         fuelType=?
09:30:27,366 INFO  [stdout] (default task-21) Hibernate: 
09:30:27,366 INFO  [stdout] (default task-21)     select
09:30:27,366 INFO  [stdout] (default task-21)         fueltypest0_.popularity as col_0_0_ 
09:30:27,366 INFO  [stdout] (default task-21)     from
09:30:27,366 INFO  [stdout] (default task-21)         FuelTypeStatistics fueltypest0_ 
09:30:27,366 INFO  [stdout] (default task-21)     where
09:30:27,366 INFO  [stdout] (default task-21)         fueltypest0_.fuelType=?
09:30:27,367 INFO  [com.infoshareacademy.jjdd1.teamerror.TrendsServlet] (default task-21) Popularity of gasoline is updated to 1
09:30:27,373 INFO  [stdout] (default task-21) Hibernate: 
09:30:27,373 INFO  [stdout] (default task-21)     update
09:30:27,373 INFO  [stdout] (default task-21)         CountryStatistics 
09:30:27,373 INFO  [stdout] (default task-21)     set
09:30:27,373 INFO  [stdout] (default task-21)         popularity=popularity+1 
09:30:27,373 INFO  [stdout] (default task-21)     where
09:30:27,373 INFO  [stdout] (default task-21)         country=?
09:30:27,379 INFO  [stdout] (default task-21) Hibernate: 
09:30:27,379 INFO  [stdout] (default task-21)     select
09:30:27,379 INFO  [stdout] (default task-21)         countrysta0_.popularity as col_0_0_ 
09:30:27,379 INFO  [stdout] (default task-21)     from
09:30:27,379 INFO  [stdout] (default task-21)         CountryStatistics countrysta0_ 
09:30:27,379 INFO  [stdout] (default task-21)     where
09:30:27,379 INFO  [stdout] (default task-21)         countrysta0_.country=?
09:30:27,381 INFO  [com.infoshareacademy.jjdd1.teamerror.TrendsServlet] (default task-21) Popularity of FRANCE is updated to 1
09:30:27,385 INFO  [stdout] (default task-21) Hibernate: 
09:30:27,385 INFO  [stdout] (default task-21)     select
09:30:27,385 INFO  [stdout] (default task-21)         countrysta0_.country as col_0_0_ 
09:30:27,385 INFO  [stdout] (default task-21)     from
09:30:27,385 INFO  [stdout] (default task-21)         CountryStatistics countrysta0_
09:30:27,387 INFO  [com.infoshareacademy.jjdd1.teamerror.TrendsServlet] (default task-21) Countries from database: [USA, CROATIA, FRANCE]
09:30:27,391 INFO  [stdout] (default task-21) Hibernate: 
09:30:27,391 INFO  [stdout] (default task-21)     select
09:30:27,391 INFO  [stdout] (default task-21)         countrysta0_.popularity as col_0_0_ 
09:30:27,391 INFO  [stdout] (default task-21)     from
09:30:27,391 INFO  [stdout] (default task-21)         CountryStatistics countrysta0_
09:30:27,393 INFO  [com.infoshareacademy.jjdd1.teamerror.TrendsServlet] (default task-21) Popularity of countries from database: [0, 0, 1]
09:30:27,399 INFO  [stdout] (default task-21) Hibernate: 
09:30:27,399 INFO  [stdout] (default task-21)     update
09:30:27,399 INFO  [stdout] (default task-21)         CurrencyStatistics 
09:30:27,399 INFO  [stdout] (default task-21)     set
09:30:27,399 INFO  [stdout] (default task-21)         popularity=popularity+1 
09:30:27,399 INFO  [stdout] (default task-21)     where
09:30:27,399 INFO  [stdout] (default task-21)         currency=?
09:30:27,407 INFO  [stdout] (default task-21) Hibernate: 
09:30:27,407 INFO  [stdout] (default task-21)     select
09:30:27,407 INFO  [stdout] (default task-21)         currencyst0_.popularity as col_0_0_ 
09:30:27,407 INFO  [stdout] (default task-21)     from
09:30:27,407 INFO  [stdout] (default task-21)         CurrencyStatistics currencyst0_ 
09:30:27,407 INFO  [stdout] (default task-21)     where
09:30:27,407 INFO  [stdout] (default task-21)         currencyst0_.currency=?
09:30:27,408 INFO  [com.infoshareacademy.jjdd1.teamerror.TrendsServlet] (default task-21) Popularity of EUR is updated to 1
09:30:27,412 INFO  [stdout] (default task-21) Hibernate: 
09:30:27,412 INFO  [stdout] (default task-21)     select
09:30:27,412 INFO  [stdout] (default task-21)         currencyst0_.currency as col_0_0_ 
09:30:27,412 INFO  [stdout] (default task-21)     from
09:30:27,412 INFO  [stdout] (default task-21)         CurrencyStatistics currencyst0_
09:30:27,413 INFO  [com.infoshareacademy.jjdd1.teamerror.TrendsServlet] (default task-21) Currencies from database: [USD, HRK, EUR]
09:30:27,416 INFO  [stdout] (default task-21) Hibernate: 
09:30:27,416 INFO  [stdout] (default task-21)     select
09:30:27,416 INFO  [stdout] (default task-21)         currencyst0_.popularity as col_0_0_ 
09:30:27,416 INFO  [stdout] (default task-21)     from
09:30:27,416 INFO  [stdout] (default task-21)         CurrencyStatistics currencyst0_
09:30:27,418 INFO  [com.infoshareacademy.jjdd1.teamerror.TrendsServlet] (default task-21) Popularity of currencies from database: [0, 0, 1]
09:31:47,292 DEBUG [com.infoshareacademy.jjdd1.teamerror.fileUpload.SourceFilesChecker] (default task-22) Checking existence of resource files path: /tmp/files/iSA-PetrolPrices.csv
09:31:47,292 DEBUG [com.infoshareacademy.jjdd1.teamerror.fileUpload.SourceFilesChecker] (default task-22) Checking existence of resource files path: /tmp/files/omeganbp.lst.txt
09:31:47,292 DEBUG [com.infoshareacademy.jjdd1.teamerror.fileUpload.SourceFilesChecker] (default task-22) Checking existence of resource files path: /tmp/files/omeganbp.zip
09:31:47,292 INFO  [com.infoshareacademy.jjdd1.teamerror.fileUpload.SourceFilesChecker] (default task-22) Source files found.
09:31:47,292 DEBUG [com.infoshareacademy.jjdd1.teamerror.WelcomeServlet] (default task-22) Reading data from database
09:31:47,298 INFO  [stdout] (default task-22) Hibernate: 
09:31:47,298 INFO  [stdout] (default task-22)     select
09:31:47,298 INFO  [stdout] (default task-22)         promotedco0_.name as col_0_0_ 
09:31:47,298 INFO  [stdout] (default task-22)     from
09:31:47,298 INFO  [stdout] (default task-22)         PromotedCountriesTable promotedco0_
09:31:47,300 DEBUG [com.infoshareacademy.jjdd1.teamerror.WelcomeServlet] (default task-22) List of promoted countries from database: [France, Croatia]
09:31:47,300 INFO  [com.infoshareacademy.jjdd1.teamerror.WelcomeServlet] (default task-22) Data from database successfully loaded
09:31:47,301 DEBUG [com.infoshareacademy.jjdd1.teamerror.file_loader.PromotedCountries] (default task-22) Preparing list of countries according to promoted countries
09:31:47,301 DEBUG [com.infoshareacademy.jjdd1.teamerror.file_loader.CountryAndCurrency] (default task-22) Loading country and currency
09:31:47,302 DEBUG [com.infoshareacademy.jjdd1.teamerror.file_loader.CountryAndCurrency] (default task-22) Filtering countries to show only available ones
09:31:47,302 DEBUG [com.infoshareacademy.jjdd1.teamerror.file_loader.PromotedCountries] (default task-22) Available countries: [USA, CROATIA, FRANCE]
09:31:47,302 DEBUG [com.infoshareacademy.jjdd1.teamerror.file_loader.PromotedCountries] (default task-22) List of countries prepared
09:31:50,445 DEBUG [com.infoshareacademy.jjdd1.teamerror.TrendsServlet] (default task-23) Servlet start
09:31:50,445 DEBUG [com.infoshareacademy.jjdd1.teamerror.AfterInitialDataServlet] (default task-23) Setting req paremeters to session
09:31:50,445 DEBUG [com.infoshareacademy.jjdd1.teamerror.fileUpload.SourceFilesChecker] (default task-23) Checking existence of resource files path: /tmp/files/iSA-PetrolPrices.csv
09:31:50,445 DEBUG [com.infoshareacademy.jjdd1.teamerror.fileUpload.SourceFilesChecker] (default task-23) Checking existence of resource files path: /tmp/files/omeganbp.lst.txt
09:31:50,445 DEBUG [com.infoshareacademy.jjdd1.teamerror.fileUpload.SourceFilesChecker] (default task-23) Checking existence of resource files path: /tmp/files/omeganbp.zip
09:31:50,445 INFO  [com.infoshareacademy.jjdd1.teamerror.fileUpload.SourceFilesChecker] (default task-23) Source files found.
09:31:50,445 INFO  [com.infoshareacademy.jjdd1.teamerror.AfterInitialDataServlet] (default task-23) Inisial data req params: country-FRANCE fuelType-1 fuelUsage-10 full distance-15 date1-2017/05/16 date2-2017/05/30, tripLength-null trendPeriodFrom-null, trendPeriodTill-null, startingDays-null
09:31:50,445 DEBUG [com.infoshareacademy.jjdd1.teamerror.fileUpload.SourceFilesChecker] (default task-23) Checking existence of resource files path: /tmp/files/iSA-PetrolPrices.csv
09:31:50,445 DEBUG [com.infoshareacademy.jjdd1.teamerror.fileUpload.SourceFilesChecker] (default task-23) Checking existence of resource files path: /tmp/files/omeganbp.lst.txt
09:31:50,445 DEBUG [com.infoshareacademy.jjdd1.teamerror.fileUpload.SourceFilesChecker] (default task-23) Checking existence of resource files path: /tmp/files/omeganbp.zip
09:31:50,445 INFO  [com.infoshareacademy.jjdd1.teamerror.fileUpload.SourceFilesChecker] (default task-23) Source files found.
09:31:50,446 DEBUG [com.infoshareacademy.jjdd1.teamerror.file_loader.CountryAndCurrency] (default task-23) Loading country and currency
09:31:50,446 DEBUG [com.infoshareacademy.jjdd1.teamerror.file_loader.CountryAndCurrency] (default task-23) Filtering countries to show only available ones
09:31:50,453 INFO  [com.infoshareacademy.jjdd1.teamerror.trendy_engine.Trendy] (default task-23) FRANCE and EUR chosen
09:31:50,453 INFO  [com.infoshareacademy.jjdd1.teamerror.trendy_engine.Trendy] (default task-23) [diesel] chosen
09:31:50,454 INFO  [com.infoshareacademy.jjdd1.teamerror.trendy_engine.Trendy] (default task-23) Period date from chosen: 2017-05-16
09:31:50,454 INFO  [com.infoshareacademy.jjdd1.teamerror.trendy_engine.Trendy] (default task-23) Period date till chosen: 2017-07-15
09:31:50,454 INFO  [com.infoshareacademy.jjdd1.teamerror.TrendsServlet] (default task-23) Session params: country-FRANCE fuelType-diesel, trendPeriodFrom-2017/05/16, trendPeriodTill-2017/07/15, startingDays-null
09:31:50,454 DEBUG [com.infoshareacademy.jjdd1.teamerror.trendy_engine.Trendy] (default task-23) Getting in getPeriodTrendy method, parameters - DateFrom: 2017-05-16 DateTill: 2017-07-15 TripLength: 7 startingDays: [Saturday]
09:31:50,454 DEBUG [com.infoshareacademy.jjdd1.teamerror.trendy_engine.Trendy] (default task-23) Setting trendy
09:31:50,454 DEBUG [com.infoshareacademy.jjdd1.teamerror.trendy_engine.Trendy] (default task-23) Loading currency contentent into class
09:31:50,468 DEBUG [com.infoshareacademy.jjdd1.teamerror.trendy_engine.Trendy] (default task-23) Parsing currency content
09:31:50,509 INFO  [com.infoshareacademy.jjdd1.teamerror.trendy_engine.Trendy] (default task-23) Currency content parsed
09:31:50,511 DEBUG [com.infoshareacademy.jjdd1.teamerror.trendy_engine.PercentageDeviations] (default task-23) Getting in getDayPercentageDeviations method
09:31:50,514 DEBUG [com.infoshareacademy.jjdd1.teamerror.trendy_engine.PercentageDeviations] (default task-23) Day values grouped by years
09:31:50,520 DEBUG [com.infoshareacademy.jjdd1.teamerror.trendy_engine.PercentageDeviations] (default task-23) Day values grouped by day of the year
09:31:50,525 DEBUG [com.infoshareacademy.jjdd1.teamerror.trendy_engine.PercentageDeviations] (default task-23) Getting out of getDayPercentageDeviations
09:31:50,525 DEBUG [com.infoshareacademy.jjdd1.teamerror.trendy_engine.PercentageDeviations] (default task-23) Getting in getMonthPercentageDeviations
09:31:50,525 DEBUG [com.infoshareacademy.jjdd1.teamerror.trendy_engine.PercentageDeviations] (default task-23) Month average currency rates for year 2014 calculated.
09:31:50,526 DEBUG [com.infoshareacademy.jjdd1.teamerror.trendy_engine.PercentageDeviations] (default task-23) Month average currency rates for year 2015 calculated.
09:31:50,526 DEBUG [com.infoshareacademy.jjdd1.teamerror.trendy_engine.PercentageDeviations] (default task-23) Month average currency rates for year 2016 calculated.
09:31:50,526 DEBUG [com.infoshareacademy.jjdd1.teamerror.trendy_engine.PercentageDeviations] (default task-23) Currency month ratio values for all years calculated
09:31:50,526 DEBUG [com.infoshareacademy.jjdd1.teamerror.trendy_engine.PercentageDeviations] (default task-23) Currency month average ratio values for all years calculated
09:31:50,527 DEBUG [com.infoshareacademy.jjdd1.teamerror.trendy_engine.PercentageDeviations] (default task-23) Getting in getMonthPercentageDeviations
09:31:50,527 DEBUG [com.infoshareacademy.jjdd1.teamerror.trendy_engine.Trendy] (default task-23) Trendy set
09:31:50,527 DEBUG [com.infoshareacademy.jjdd1.teamerror.trendy_engine.Trendy] (default task-23) Getting in determineAvgValues method
09:31:50,529 DEBUG [com.infoshareacademy.jjdd1.teamerror.trendy_engine.Trendy] (default task-23) Getting out of determineAvgValues method
09:31:50,529 DEBUG [com.infoshareacademy.jjdd1.teamerror.trendy_engine.Trendy] (default task-23) Petrol and currency results generated
09:31:50,530 DEBUG [com.infoshareacademy.jjdd1.teamerror.trendy_engine.Trendy] (default task-23) Trendy conclusion set
09:31:50,530 DEBUG [com.infoshareacademy.jjdd1.teamerror.trendy_engine.Trendy] (default task-23) Getting out of get PeriodTrendy method, results: {2017-05-20=[0.5, 1.62, 2.12], 2017-05-27=[0.87, 1.62, 2.49], 2017-06-03=[1.04, 1.95, 2.99], 2017-06-10=[0.0, 1.95, 1.95], 2017-06-17=[0.66, 1.95, 2.61], 2017-06-24=[1.27, 1.95, 3.22], 2017-07-01=[1.02, 0.0, 1.02]}
09:31:50,531 INFO  [com.infoshareacademy.jjdd1.teamerror.TrendsServlet] (default task-23) Map key set: [{"year":2017,"month":5,"day":20},{"year":2017,"month":5,"day":27},{"year":2017,"month":6,"day":3},{"year":2017,"month":6,"day":10},{"year":2017,"month":6,"day":17},{"year":2017,"month":6,"day":24},{"year":2017,"month":7,"day":1}] 
09:31:50,531 INFO  [com.infoshareacademy.jjdd1.teamerror.TrendsServlet] (default task-23) Values: [[0.5,1.62,2.12],[0.87,1.62,2.49],[1.04,1.95,2.99],[0.0,1.95,1.95],[0.66,1.95,2.61],[1.27,1.95,3.22],[1.02,0.0,1.02]]
09:31:50,533 INFO  [stdout] (default task-23) Hibernate: 
09:31:50,533 INFO  [stdout] (default task-23)     select
09:31:50,533 INFO  [stdout] (default task-23)         fueltypest0_.popularity as col_0_0_ 
09:31:50,533 INFO  [stdout] (default task-23)     from
09:31:50,533 INFO  [stdout] (default task-23)         FuelTypeStatistics fueltypest0_ 
09:31:50,533 INFO  [stdout] (default task-23)     where
09:31:50,533 INFO  [stdout] (default task-23)         fueltypest0_.fuelType=?
09:31:50,535 INFO  [com.infoshareacademy.jjdd1.teamerror.TrendsServlet] (default task-23) Popularity of diesel is 0
09:31:50,536 INFO  [stdout] (default task-23) Hibernate: 
09:31:50,536 INFO  [stdout] (default task-23)     select
09:31:50,536 INFO  [stdout] (default task-23)         fueltypest0_.popularity as col_0_0_ 
09:31:50,536 INFO  [stdout] (default task-23)     from
09:31:50,536 INFO  [stdout] (default task-23)         FuelTypeStatistics fueltypest0_ 
09:31:50,536 INFO  [stdout] (default task-23)     where
09:31:50,536 INFO  [stdout] (default task-23)         fueltypest0_.fuelType=?
09:31:50,539 INFO  [com.infoshareacademy.jjdd1.teamerror.TrendsServlet] (default task-23) Popularity of gasoline is 1
09:31:50,540 INFO  [stdout] (default task-23) Hibernate: 
09:31:50,540 INFO  [stdout] (default task-23)     update
09:31:50,540 INFO  [stdout] (default task-23)         FuelTypeStatistics 
09:31:50,540 INFO  [stdout] (default task-23)     set
09:31:50,540 INFO  [stdout] (default task-23)         popularity=popularity+1 
09:31:50,540 INFO  [stdout] (default task-23)     where
09:31:50,540 INFO  [stdout] (default task-23)         fuelType=?
09:31:50,543 INFO  [stdout] (default task-23) Hibernate: 
09:31:50,543 INFO  [stdout] (default task-23)     select
09:31:50,543 INFO  [stdout] (default task-23)         fueltypest0_.popularity as col_0_0_ 
09:31:50,543 INFO  [stdout] (default task-23)     from
09:31:50,543 INFO  [stdout] (default task-23)         FuelTypeStatistics fueltypest0_ 
09:31:50,543 INFO  [stdout] (default task-23)     where
09:31:50,543 INFO  [stdout] (default task-23)         fueltypest0_.fuelType=?
09:31:50,544 INFO  [com.infoshareacademy.jjdd1.teamerror.TrendsServlet] (default task-23) Popularity of diesel is updated to 1
09:31:50,546 INFO  [stdout] (default task-23) Hibernate: 
09:31:50,546 INFO  [stdout] (default task-23)     update
09:31:50,546 INFO  [stdout] (default task-23)         CountryStatistics 
09:31:50,546 INFO  [stdout] (default task-23)     set
09:31:50,546 INFO  [stdout] (default task-23)         popularity=popularity+1 
09:31:50,546 INFO  [stdout] (default task-23)     where
09:31:50,546 INFO  [stdout] (default task-23)         country=?
09:31:50,548 INFO  [stdout] (default task-23) Hibernate: 
09:31:50,548 INFO  [stdout] (default task-23)     select
09:31:50,548 INFO  [stdout] (default task-23)         countrysta0_.popularity as col_0_0_ 
09:31:50,548 INFO  [stdout] (default task-23)     from
09:31:50,548 INFO  [stdout] (default task-23)         CountryStatistics countrysta0_ 
09:31:50,548 INFO  [stdout] (default task-23)     where
09:31:50,548 INFO  [stdout] (default task-23)         countrysta0_.country=?
09:31:50,550 INFO  [com.infoshareacademy.jjdd1.teamerror.TrendsServlet] (default task-23) Popularity of FRANCE is updated to 2
09:31:50,552 INFO  [stdout] (default task-23) Hibernate: 
09:31:50,552 INFO  [stdout] (default task-23)     select
09:31:50,552 INFO  [stdout] (default task-23)         countrysta0_.country as col_0_0_ 
09:31:50,552 INFO  [stdout] (default task-23)     from
09:31:50,552 INFO  [stdout] (default task-23)         CountryStatistics countrysta0_
09:31:50,559 INFO  [com.infoshareacademy.jjdd1.teamerror.TrendsServlet] (default task-23) Countries from database: [USA, CROATIA, FRANCE]
09:31:50,560 INFO  [stdout] (default task-23) Hibernate: 
09:31:50,560 INFO  [stdout] (default task-23)     select
09:31:50,560 INFO  [stdout] (default task-23)         countrysta0_.popularity as col_0_0_ 
09:31:50,560 INFO  [stdout] (default task-23)     from
09:31:50,560 INFO  [stdout] (default task-23)         CountryStatistics countrysta0_
09:31:50,562 INFO  [com.infoshareacademy.jjdd1.teamerror.TrendsServlet] (default task-23) Popularity of countries from database: [0, 0, 2]
09:31:50,563 INFO  [stdout] (default task-23) Hibernate: 
09:31:50,563 INFO  [stdout] (default task-23)     update
09:31:50,563 INFO  [stdout] (default task-23)         CurrencyStatistics 
09:31:50,563 INFO  [stdout] (default task-23)     set
09:31:50,563 INFO  [stdout] (default task-23)         popularity=popularity+1 
09:31:50,564 INFO  [stdout] (default task-23)     where
09:31:50,564 INFO  [stdout] (default task-23)         currency=?
09:31:50,566 INFO  [stdout] (default task-23) Hibernate: 
09:31:50,566 INFO  [stdout] (default task-23)     select
09:31:50,566 INFO  [stdout] (default task-23)         currencyst0_.popularity as col_0_0_ 
09:31:50,566 INFO  [stdout] (default task-23)     from
09:31:50,566 INFO  [stdout] (default task-23)         CurrencyStatistics currencyst0_ 
09:31:50,566 INFO  [stdout] (default task-23)     where
09:31:50,566 INFO  [stdout] (default task-23)         currencyst0_.currency=?
09:31:50,569 INFO  [com.infoshareacademy.jjdd1.teamerror.TrendsServlet] (default task-23) Popularity of EUR is updated to 2
09:31:50,572 INFO  [stdout] (default task-23) Hibernate: 
09:31:50,573 INFO  [stdout] (default task-23)     select
09:31:50,573 INFO  [stdout] (default task-23)         currencyst0_.currency as col_0_0_ 
09:31:50,573 INFO  [stdout] (default task-23)     from
09:31:50,573 INFO  [stdout] (default task-23)         CurrencyStatistics currencyst0_
09:31:50,574 INFO  [com.infoshareacademy.jjdd1.teamerror.TrendsServlet] (default task-23) Currencies from database: [USD, HRK, EUR]
09:31:50,575 INFO  [stdout] (default task-23) Hibernate: 
09:31:50,575 INFO  [stdout] (default task-23)     select
09:31:50,575 INFO  [stdout] (default task-23)         currencyst0_.popularity as col_0_0_ 
09:31:50,576 INFO  [stdout] (default task-23)     from
09:31:50,576 INFO  [stdout] (default task-23)         CurrencyStatistics currencyst0_
09:31:50,577 INFO  [com.infoshareacademy.jjdd1.teamerror.TrendsServlet] (default task-23) Popularity of currencies from database: [0, 0, 2]
